nohup: ignoring input

R version 3.2.2 (2015-08-14) -- "Fire Safety"
Copyright (C) 2015 The R Foundation for Statistical Computing
Platform: x86_64-redhat-linux-gnu (64-bit)

R is free software and comes with ABSOLUTELY NO WARRANTY.
You are welcome to redistribute it under certain conditions.
Type 'license()' or 'licence()' for distribution details.

  Natural language support but running in an English locale

R is a collaborative project with many contributors.
Type 'contributors()' for more information and
'citation()' on how to cite R or R packages in publications.

Type 'demo()' for some demos, 'help()' for on-line help, or
'help.start()' for an HTML browser interface to help.
Type 'q()' to quit R.

> setwd("/data1/RPred/")
> repoDir = "/data1/R-repo"
> if ( ! any(.libPaths() == repoDir) ) {
+     .libPaths( c( .libPaths(), "/data1/R-repo/") )
+ }
> 
> library(caret)
Loading required package: lattice
Loading required package: ggplot2
> library(doMC)
Loading required package: foreach
Loading required package: iterators
Loading required package: parallel
> registerDoMC(cores = 8)
> 
> load("pml_base.RDA")
> load("pca_data.RDA")
> 
> fitControl <- trainControl(method = "repeatedcv",
+                            number = 5,
+                            repeats = 1,
+                            ## Estimate class probabilities
+                            classProbs = TRUE)
> 
> system.time({
+         modelFit_gbm_simple2 <- train(x = training[,predictionCols], 
+                                       y = training$classe,
+                                       method = "gbm",
+                                       verbose = FALSE,
+                                       trControl = fitControl)
+ })
Loading required package: gbm
Loading required package: survival

Attaching package: ‘survival’

The following object is masked from ‘package:caret’:

    cluster

Loading required package: splines
Loaded gbm 2.1.1
Loading required package: plyr
   user  system elapsed 
374.937   2.002  95.137 
> 
> print(confusionMatrix(training$classe, predict(modelFit_gbm_simple2, newdata=training[,predictionCols])))
Confusion Matrix and Statistics

          Reference
Prediction    A    B    C    D    E
         A 3901    5    0    0    0
         B   11 2633   13    1    0
         C    0   12 2379    4    1
         D    1    5   17 2229    0
         E    0    3    4   18 2500

Overall Statistics
                                          
               Accuracy : 0.9931          
                 95% CI : (0.9916, 0.9944)
    No Information Rate : 0.2849          
    P-Value [Acc > NIR] : < 2.2e-16       
                                          
                  Kappa : 0.9913          
 Mcnemar's Test P-Value : NA              

Statistics by Class:

                     Class: A Class: B Class: C Class: D Class: E
Sensitivity            0.9969   0.9906   0.9859   0.9898   0.9996
Specificity            0.9995   0.9977   0.9985   0.9980   0.9978
Pos Pred Value         0.9987   0.9906   0.9929   0.9898   0.9901
Neg Pred Value         0.9988   0.9977   0.9970   0.9980   0.9999
Prevalence             0.2849   0.1935   0.1757   0.1639   0.1821
Detection Rate         0.2840   0.1917   0.1732   0.1623   0.1820
Detection Prevalence   0.2843   0.1935   0.1744   0.1639   0.1838
Balanced Accuracy      0.9982   0.9942   0.9922   0.9939   0.9987
> 
> print(confusionMatrix(testing$classe, predict(modelFit_gbm_simple2, newdata=testing[,predictionCols])))
Confusion Matrix and Statistics

          Reference
Prediction    A    B    C    D    E
         A 1668    2    0    2    2
         B    5 1112   20    2    0
         C    0   11 1012    3    0
         D    0    5   10  949    0
         E    0    4    0   13 1065

Overall Statistics
                                          
               Accuracy : 0.9866          
                 95% CI : (0.9833, 0.9894)
    No Information Rate : 0.2843          
    P-Value [Acc > NIR] : < 2.2e-16       
                                          
                  Kappa : 0.983           
 Mcnemar's Test P-Value : NA              

Statistics by Class:

                     Class: A Class: B Class: C Class: D Class: E
Sensitivity            0.9970   0.9806   0.9712   0.9794   0.9981
Specificity            0.9986   0.9943   0.9971   0.9969   0.9965
Pos Pred Value         0.9964   0.9763   0.9864   0.9844   0.9843
Neg Pred Value         0.9988   0.9954   0.9938   0.9959   0.9996
Prevalence             0.2843   0.1927   0.1771   0.1647   0.1813
Detection Rate         0.2834   0.1890   0.1720   0.1613   0.1810
Detection Prevalence   0.2845   0.1935   0.1743   0.1638   0.1839
Balanced Accuracy      0.9978   0.9875   0.9842   0.9882   0.9973
> 
> save(modelFit_gbm_simple2, file = "modelFit_gbm_simple2.RDA", compress="gzip")
> 
> 
