
R version 3.2.2 (2015-08-14) -- "Fire Safety"
Copyright (C) 2015 The R Foundation for Statistical Computing
Platform: x86_64-redhat-linux-gnu (64-bit)

R is free software and comes with ABSOLUTELY NO WARRANTY.
You are welcome to redistribute it under certain conditions.
Type 'license()' or 'licence()' for distribution details.

  Natural language support but running in an English locale

R is a collaborative project with many contributors.
Type 'contributors()' for more information and
'citation()' on how to cite R or R packages in publications.

Type 'demo()' for some demos, 'help()' for on-line help, or
'help.start()' for an HTML browser interface to help.
Type 'q()' to quit R.

> setwd("/data1/RPred/")
> repoDir = "/data1/R-repo"
> if ( ! any(.libPaths() == repoDir) ) {
+     .libPaths( c( .libPaths(), "/data1/R-repo/") )
+ }
> 
> library(caret)
Loading required package: lattice
Loading required package: ggplot2
> library(doMC)
Loading required package: foreach
Loading required package: iterators
Loading required package: parallel
> registerDoMC(cores = 8)
> 
> load("pml_base.RDA")
> load("pca_data.RDA")
> 
> system.time({
+         modelFit_rf_full <- train(x = training[,predictionCols], 
+                                   y = training$classe,
+                                   method="rf", 
+                                   trControl=trainControl(method="cv",number=5, allowParallel = TRUE), 
+                                   prox=TRUE)
+ })
Loading required package: randomForest
randomForest 4.6-10
Type rfNews() to see new features/changes/bug fixes.
    user   system  elapsed 
3418.847   17.928  773.280 
> 
> print(confusionMatrix(training$classe, predict(modelFit_rf_full, newdata=training[,predictionCols])))
Confusion Matrix and Statistics

          Reference
Prediction    A    B    C    D    E
         A 3906    0    0    0    0
         B    0 2658    0    0    0
         C    0    0 2396    0    0
         D    0    0    0 2252    0
         E    0    0    0    0 2525

Overall Statistics
                                     
               Accuracy : 1          
                 95% CI : (0.9997, 1)
    No Information Rate : 0.2843     
    P-Value [Acc > NIR] : < 2.2e-16  
                                     
                  Kappa : 1          
 Mcnemar's Test P-Value : NA         

Statistics by Class:

                     Class: A Class: B Class: C Class: D Class: E
Sensitivity            1.0000   1.0000   1.0000   1.0000   1.0000
Specificity            1.0000   1.0000   1.0000   1.0000   1.0000
Pos Pred Value         1.0000   1.0000   1.0000   1.0000   1.0000
Neg Pred Value         1.0000   1.0000   1.0000   1.0000   1.0000
Prevalence             0.2843   0.1935   0.1744   0.1639   0.1838
Detection Rate         0.2843   0.1935   0.1744   0.1639   0.1838
Detection Prevalence   0.2843   0.1935   0.1744   0.1639   0.1838
Balanced Accuracy      1.0000   1.0000   1.0000   1.0000   1.0000
> 
> print(confusionMatrix(testing$classe, predict(modelFit_rf_full, newdata=testing[,predictionCols])))
Confusion Matrix and Statistics

          Reference
Prediction    A    B    C    D    E
         A 1674    0    0    0    0
         B    5 1134    0    0    0
         C    0    4 1022    0    0
         D    0    0    5  959    0
         E    0    2    0    0 1080

Overall Statistics
                                          
               Accuracy : 0.9973          
                 95% CI : (0.9956, 0.9984)
    No Information Rate : 0.2853          
    P-Value [Acc > NIR] : < 2.2e-16       
                                          
                  Kappa : 0.9966          
 Mcnemar's Test P-Value : NA              

Statistics by Class:

                     Class: A Class: B Class: C Class: D Class: E
Sensitivity            0.9970   0.9947   0.9951   1.0000   1.0000
Specificity            1.0000   0.9989   0.9992   0.9990   0.9996
Pos Pred Value         1.0000   0.9956   0.9961   0.9948   0.9982
Neg Pred Value         0.9988   0.9987   0.9990   1.0000   1.0000
Prevalence             0.2853   0.1937   0.1745   0.1630   0.1835
Detection Rate         0.2845   0.1927   0.1737   0.1630   0.1835
Detection Prevalence   0.2845   0.1935   0.1743   0.1638   0.1839
Balanced Accuracy      0.9985   0.9968   0.9972   0.9995   0.9998
> 
> save(modelFit_rf_full, file = "modelFit_rf_full.rda", compress="gzip")
> 
> 
